<?xml version="1.0" encoding="UTF-8"?>
<testng-results ignored="0" total="1" passed="1" failed="0" skipped="0">
  <reporter-output>
  </reporter-output>
  <suite started-at="2022-06-23T12:20:16 IST" name="Default suite" finished-at="2022-06-23T12:20:25 IST" duration-ms="9857">
    <groups>
    </groups>
    <test started-at="2022-06-23T12:20:16 IST" name="Default test" finished-at="2022-06-23T12:20:25 IST" duration-ms="9857">
      <class name="com.practicemaventest.AllTestCases">
        <test-method signature="logincase()[pri:0, instance:com.practicemaventest.AllTestCases@4f2b503c]" started-at="2022-06-23T12:20:16 IST" name="logincase" finished-at="2022-06-23T12:20:25 IST" duration-ms="9825" status="PASS">
          <reporter-output>
          </reporter-output>
        </test-method> <!-- logincase -->
      </class> <!-- com.practicemaventest.AllTestCases -->
    </test> <!-- Default test -->
  </suite> <!-- Default suite -->
</testng-results>
